<?xml version="1.0" encoding="UTF-8"?>
<testng-results ignored="0" total="20" passed="20" failed="0" skipped="0">
  <reporter-output>
  </reporter-output>
  <suite started-at="2024-06-24T23:52:57Z" name="Default suite" finished-at="2024-06-24T23:55:01Z" duration-ms="123940">
    <groups>
    </groups>
    <test started-at="2024-06-24T23:52:57Z" name="Default test" finished-at="2024-06-24T23:55:01Z" duration-ms="123940">
      <class name="com.maven.testNG.DataProviderLoginTest">
        <test-method signature="loginTest(java.lang.String, java.lang.String)[pri:0, instance:com.maven.testNG.DataProviderLoginTest@7d446ed1]" started-at="2024-06-24T23:52:59Z" name="loginTest" data-provider="userCredentialsProvider" finished-at="2024-06-24T23:53:07Z" duration-ms="7459" status="PASS">
          <params>
            <param index="0">
              <value>
                <![CDATA[123.0]]>
              </value>
            </param>
            <param index="1">
              <value>
                <![CDATA[abc]]>
              </value>
            </param>
          </params>
          <reporter-output>
          </reporter-output>
        </test-method> <!-- loginTest -->
        <test-method signature="loginTest(java.lang.String, java.lang.String)[pri:0, instance:com.maven.testNG.DataProviderLoginTest@7d446ed1]" started-at="2024-06-24T23:53:07Z" name="loginTest" data-provider="userCredentialsProvider" finished-at="2024-06-24T23:53:14Z" duration-ms="7634" status="PASS">
          <params>
            <param index="0">
              <value>
                <![CDATA[124.0]]>
              </value>
            </param>
            <param index="1">
              <value>
                <![CDATA[abd]]>
              </value>
            </param>
          </params>
          <reporter-output>
          </reporter-output>
        </test-method> <!-- loginTest -->
        <test-method signature="loginTest(java.lang.String, java.lang.String)[pri:0, instance:com.maven.testNG.DataProviderLoginTest@7d446ed1]" started-at="2024-06-24T23:53:14Z" name="loginTest" data-provider="userCredentialsProvider" finished-at="2024-06-24T23:53:21Z" duration-ms="6201" status="PASS">
          <params>
            <param index="0">
              <value>
                <![CDATA[125.0]]>
              </value>
            </param>
            <param index="1">
              <value>
                <![CDATA[abe]]>
              </value>
            </param>
          </params>
          <reporter-output>
          </reporter-output>
        </test-method> <!-- loginTest -->
        <test-method signature="loginTest(java.lang.String, java.lang.String)[pri:0, instance:com.maven.testNG.DataProviderLoginTest@7d446ed1]" started-at="2024-06-24T23:53:21Z" name="loginTest" data-provider="userCredentialsProvider" finished-at="2024-06-24T23:53:27Z" duration-ms="6088" status="PASS">
          <params>
            <param index="0">
              <value>
                <![CDATA[126.0]]>
              </value>
            </param>
            <param index="1">
              <value>
                <![CDATA[abcd]]>
              </value>
            </param>
          </params>
          <reporter-output>
          </reporter-output>
        </test-method> <!-- loginTest -->
        <test-method signature="loginTest(java.lang.String, java.lang.String)[pri:0, instance:com.maven.testNG.DataProviderLoginTest@7d446ed1]" started-at="2024-06-24T23:53:27Z" name="loginTest" data-provider="userCredentialsProvider" finished-at="2024-06-24T23:53:33Z" duration-ms="5766" status="PASS">
          <params>
            <param index="0">
              <value>
                <![CDATA[127.0]]>
              </value>
            </param>
            <param index="1">
              <value>
                <![CDATA[abdf]]>
              </value>
            </param>
          </params>
          <reporter-output>
          </reporter-output>
        </test-method> <!-- loginTest -->
        <test-method signature="loginTest(java.lang.String, java.lang.String)[pri:0, instance:com.maven.testNG.DataProviderLoginTest@7d446ed1]" started-at="2024-06-24T23:53:33Z" name="loginTest" data-provider="userCredentialsProvider" finished-at="2024-06-24T23:53:41Z" duration-ms="8371" status="PASS">
          <params>
            <param index="0">
              <value>
                <![CDATA[srujana@p.sandbox]]>
              </value>
            </param>
            <param index="1">
              <value>
                <![CDATA[LetsLearn1!]]>
              </value>
            </param>
          </params>
          <reporter-output>
          </reporter-output>
        </test-method> <!-- loginTest -->
        <test-method signature="loginTest(java.lang.String, java.lang.String)[pri:0, instance:com.maven.testNG.DataProviderLoginTest@7d446ed1]" started-at="2024-06-24T23:53:41Z" name="loginTest" data-provider="userCredentialsProvider" finished-at="2024-06-24T23:53:47Z" duration-ms="6288" status="PASS">
          <params>
            <param index="0">
              <value>
                <![CDATA[128.0]]>
              </value>
            </param>
            <param index="1">
              <value>
                <![CDATA[abe]]>
              </value>
            </param>
          </params>
          <reporter-output>
          </reporter-output>
        </test-method> <!-- loginTest -->
        <test-method signature="loginTest(java.lang.String, java.lang.String)[pri:0, instance:com.maven.testNG.DataProviderLoginTest@7d446ed1]" started-at="2024-06-24T23:53:47Z" name="loginTest" data-provider="userCredentialsProvider" finished-at="2024-06-24T23:53:54Z" duration-ms="6452" status="PASS">
          <params>
            <param index="0">
              <value>
                <![CDATA[129.0]]>
              </value>
            </param>
            <param index="1">
              <value>
                <![CDATA[abc]]>
              </value>
            </param>
          </params>
          <reporter-output>
          </reporter-output>
        </test-method> <!-- loginTest -->
        <test-method signature="loginTest(java.lang.String, java.lang.String)[pri:0, instance:com.maven.testNG.DataProviderLoginTest@7d446ed1]" started-at="2024-06-24T23:53:54Z" name="loginTest" data-provider="userCredentialsProvider" finished-at="2024-06-24T23:53:59Z" duration-ms="5712" status="PASS">
          <params>
            <param index="0">
              <value>
                <![CDATA[130.0]]>
              </value>
            </param>
            <param index="1">
              <value>
                <![CDATA[abd]]>
              </value>
            </param>
          </params>
          <reporter-output>
          </reporter-output>
        </test-method> <!-- loginTest -->
        <test-method signature="loginTest(java.lang.String, java.lang.String)[pri:0, instance:com.maven.testNG.DataProviderLoginTest@7d446ed1]" started-at="2024-06-24T23:53:59Z" name="loginTest" data-provider="userCredentialsProvider" finished-at="2024-06-24T23:54:05Z" duration-ms="5317" status="PASS">
          <params>
            <param index="0">
              <value>
                <![CDATA[131.0]]>
              </value>
            </param>
            <param index="1">
              <value>
                <![CDATA[abe]]>
              </value>
            </param>
          </params>
          <reporter-output>
          </reporter-output>
        </test-method> <!-- loginTest -->
        <test-method signature="loginTest(java.lang.String, java.lang.String)[pri:0, instance:com.maven.testNG.DataProviderLoginTest@7d446ed1]" started-at="2024-06-24T23:54:05Z" name="loginTest" data-provider="userCredentialsProvider" finished-at="2024-06-24T23:54:10Z" duration-ms="5091" status="PASS">
          <params>
            <param index="0">
              <value>
                <![CDATA[132.0]]>
              </value>
            </param>
            <param index="1">
              <value>
                <![CDATA[abc]]>
              </value>
            </param>
          </params>
          <reporter-output>
          </reporter-output>
        </test-method> <!-- loginTest -->
        <test-method signature="loginTest(java.lang.String, java.lang.String)[pri:0, instance:com.maven.testNG.DataProviderLoginTest@7d446ed1]" started-at="2024-06-24T23:54:10Z" name="loginTest" data-provider="userCredentialsProvider" finished-at="2024-06-24T23:54:16Z" duration-ms="6066" status="PASS">
          <params>
            <param index="0">
              <value>
                <![CDATA[133.0]]>
              </value>
            </param>
            <param index="1">
              <value>
                <![CDATA[abd]]>
              </value>
            </param>
          </params>
          <reporter-output>
          </reporter-output>
        </test-method> <!-- loginTest -->
        <test-method signature="loginTest(java.lang.String, java.lang.String)[pri:0, instance:com.maven.testNG.DataProviderLoginTest@7d446ed1]" started-at="2024-06-24T23:54:16Z" name="loginTest" data-provider="userCredentialsProvider" finished-at="2024-06-24T23:54:21Z" duration-ms="5648" status="PASS">
          <params>
            <param index="0">
              <value>
                <![CDATA[134.0]]>
              </value>
            </param>
            <param index="1">
              <value>
                <![CDATA[abe]]>
              </value>
            </param>
          </params>
          <reporter-output>
          </reporter-output>
        </test-method> <!-- loginTest -->
        <test-method signature="loginTest(java.lang.String, java.lang.String)[pri:0, instance:com.maven.testNG.DataProviderLoginTest@7d446ed1]" started-at="2024-06-24T23:54:21Z" name="loginTest" data-provider="userCredentialsProvider" finished-at="2024-06-24T23:54:27Z" duration-ms="5130" status="PASS">
          <params>
            <param index="0">
              <value>
                <![CDATA[135.0]]>
              </value>
            </param>
            <param index="1">
              <value>
                <![CDATA[abc]]>
              </value>
            </param>
          </params>
          <reporter-output>
          </reporter-output>
        </test-method> <!-- loginTest -->
        <test-method signature="loginTest(java.lang.String, java.lang.String)[pri:0, instance:com.maven.testNG.DataProviderLoginTest@7d446ed1]" started-at="2024-06-24T23:54:27Z" name="loginTest" data-provider="userCredentialsProvider" finished-at="2024-06-24T23:54:32Z" duration-ms="5650" status="PASS">
          <params>
            <param index="0">
              <value>
                <![CDATA[abced]]>
              </value>
            </param>
            <param index="1">
              <value>
                <![CDATA[12345.0]]>
              </value>
            </param>
          </params>
          <reporter-output>
          </reporter-output>
        </test-method> <!-- loginTest -->
        <test-method signature="loginTest(java.lang.String, java.lang.String)[pri:0, instance:com.maven.testNG.DataProviderLoginTest@7d446ed1]" started-at="2024-06-24T23:54:32Z" name="loginTest" data-provider="userCredentialsProvider" finished-at="2024-06-24T23:54:39Z" duration-ms="6269" status="PASS">
          <params>
            <param index="0">
              <value>
                <![CDATA[abc@abc.com]]>
              </value>
            </param>
            <param index="1">
              <value>
                <![CDATA[!2#$%]]>
              </value>
            </param>
          </params>
          <reporter-output>
          </reporter-output>
        </test-method> <!-- loginTest -->
        <test-method signature="loginTest(java.lang.String, java.lang.String)[pri:0, instance:com.maven.testNG.DataProviderLoginTest@7d446ed1]" started-at="2024-06-24T23:54:39Z" name="loginTest" data-provider="userCredentialsProvider" finished-at="2024-06-24T23:54:44Z" duration-ms="5247" status="PASS">
          <params>
            <param index="0">
              <value>
                <![CDATA[1234@123.com]]>
              </value>
            </param>
            <param index="1">
              <value>
                <![CDATA[asv%$#]]>
              </value>
            </param>
          </params>
          <reporter-output>
          </reporter-output>
        </test-method> <!-- loginTest -->
        <test-method signature="loginTest(java.lang.String, java.lang.String)[pri:0, instance:com.maven.testNG.DataProviderLoginTest@7d446ed1]" started-at="2024-06-24T23:54:44Z" name="loginTest" data-provider="userCredentialsProvider" finished-at="2024-06-24T23:54:50Z" duration-ms="5823" status="PASS">
          <params>
            <param index="0">
              <value>
                <![CDATA[srujana@p.sandbo]]>
              </value>
            </param>
            <param index="1">
              <value>
                <![CDATA[LetsLearn1!]]>
              </value>
            </param>
          </params>
          <reporter-output>
          </reporter-output>
        </test-method> <!-- loginTest -->
        <test-method signature="loginTest(java.lang.String, java.lang.String)[pri:0, instance:com.maven.testNG.DataProviderLoginTest@7d446ed1]" started-at="2024-06-24T23:54:50Z" name="loginTest" data-provider="userCredentialsProvider" finished-at="2024-06-24T23:54:55Z" duration-ms="5447" status="PASS">
          <params>
            <param index="0">
              <value>
                <![CDATA[srujana@p.sandbox]]>
              </value>
            </param>
            <param index="1">
              <value>
                <![CDATA[LetsLearn1]]>
              </value>
            </param>
          </params>
          <reporter-output>
          </reporter-output>
        </test-method> <!-- loginTest -->
        <test-method signature="loginTest(java.lang.String, java.lang.String)[pri:0, instance:com.maven.testNG.DataProviderLoginTest@7d446ed1]" started-at="2024-06-24T23:54:55Z" name="loginTest" data-provider="userCredentialsProvider" finished-at="2024-06-24T23:55:01Z" duration-ms="5938" status="PASS">
          <params>
            <param index="0">
              <value>
                <![CDATA[srujan@p.sandbox]]>
              </value>
            </param>
            <param index="1">
              <value>
                <![CDATA[LetsLearn1!]]>
              </value>
            </param>
          </params>
          <reporter-output>
          </reporter-output>
        </test-method> <!-- loginTest -->
      </class> <!-- com.maven.testNG.DataProviderLoginTest -->
    </test> <!-- Default test -->
  </suite> <!-- Default suite -->
</testng-results>
