<?xml version="1.0" encoding="UTF-8"?>
<testsuite xmlns:xsi="http://www.w3.org/2001/XMLSchema-instance" xsi:noNamespaceSchemaLocation="https://maven.apache.org/surefire/maven-surefire-plugin/xsd/surefire-test-report-3.0.xsd" version="3.0" name="TestSuite" time="0.67" tests="5" errors="0" skipped="0" failures="0">
  <properties>
[...]
</properties>
  <testcase name="testscript_1" classname="com.maven.testNG.TestNgTest11" time="0.017">
    <system-out><![CDATA[inside @beforeSuite BaseTest class setUpSuite$$$$$$$$$$$$$$$$$$$$$$$$$$$$$
inside @beforeTest BaseTest class setUpTest------------------
im am in testscript_1 method in TestNgTest11 class
]]></system-out>
  </testcase>
  <testcase name="testscript_2" classname="com.maven.testNG.TestNgTest11" time="0.001">
    <system-out><![CDATA[im am in testscript_2 method in TestNgTest11 class
]]></system-out>
  </testcase>
  <testcase name="testscript_3" classname="com.maven.testNG.TestNgTest11" time="0.001">
    <system-out><![CDATA[im am in testscript_3 method in TestNgTest11 class
]]></system-out>
  </testcase>
  <testcase name="myTestMethod[Value1, 123](1)" classname="com.maven.testNG.TestDataProvider" time="0.001">
    <system-out><![CDATA[Parameter 1: Value1
Parameter 2: 123
]]></system-out>
  </testcase>
  <testcase name="myTestMethod[Value2, 456](2)" classname="com.maven.testNG.TestDataProvider" time="0.0">
    <system-out><![CDATA[Parameter 1: Value2
Parameter 2: 456
]]></system-out>
  </testcase>
</testsuite>