<?xml version="1.0" encoding="UTF-8"?>
<testng-results skipped="0" failed="0" ignored="0" total="5" passed="5">
  <reporter-output>
  </reporter-output>
  <suite name="Surefire suite" duration-ms="48" started-at="2024-06-24T14:57:14Z" finished-at="2024-06-24T14:57:14Z">
    <groups>
    </groups>
    <test name="Surefire test" duration-ms="48" started-at="2024-06-24T14:57:14Z" finished-at="2024-06-24T14:57:14Z">
      <class name="com.maven.testNG.TestDataProvider">
        <test-method status="PASS" signature="myTestMethod(java.lang.String, int)[pri:0, instance:com.maven.testNG.TestDataProvider@6500df86]" name="myTestMethod" duration-ms="1" started-at="2024-06-24T14:57:14Z" data-provider="myDataProvider" finished-at="2024-06-24T14:57:14Z">
          <params>
            <param index="0">
              <value>
                <![CDATA[Value1]]>
              </value>
            </param>
            <param index="1">
              <value>
                <![CDATA[123]]>
              </value>
            </param>
          </params>
          <reporter-output>
          </reporter-output>
        </test-method> <!-- myTestMethod -->
        <test-method status="PASS" signature="myTestMethod(java.lang.String, int)[pri:0, instance:com.maven.testNG.TestDataProvider@6500df86]" name="myTestMethod" duration-ms="0" started-at="2024-06-24T14:57:14Z" data-provider="myDataProvider" finished-at="2024-06-24T14:57:14Z">
          <params>
            <param index="0">
              <value>
                <![CDATA[Value2]]>
              </value>
            </param>
            <param index="1">
              <value>
                <![CDATA[456]]>
              </value>
            </param>
          </params>
          <reporter-output>
          </reporter-output>
        </test-method> <!-- myTestMethod -->
      </class> <!-- com.maven.testNG.TestDataProvider -->
      <class name="com.maven.testNG.BaseTest">
        <test-method status="PASS" signature="setUpSuite()[pri:0, instance:com.maven.testNG.BaseTest@589838eb]" name="setUpSuite" is-config="true" duration-ms="14" started-at="2024-06-24T14:57:14Z" finished-at="2024-06-24T14:57:14Z">
          <reporter-output>
          </reporter-output>
        </test-method> <!-- setUpSuite -->
        <test-method status="PASS" signature="setUpTest()[pri:0, instance:com.maven.testNG.BaseTest@589838eb]" name="setUpTest" is-config="true" duration-ms="1" started-at="2024-06-24T14:57:14Z" finished-at="2024-06-24T14:57:14Z">
          <reporter-output>
          </reporter-output>
        </test-method> <!-- setUpTest -->
        <test-method status="PASS" signature="tearDownTest()[pri:0, instance:com.maven.testNG.BaseTest@589838eb]" name="tearDownTest" is-config="true" duration-ms="0" started-at="2024-06-24T14:57:14Z" finished-at="2024-06-24T14:57:14Z">
          <reporter-output>
          </reporter-output>
        </test-method> <!-- tearDownTest -->
        <test-method status="PASS" signature="tearDownSuite()[pri:0, instance:com.maven.testNG.BaseTest@589838eb]" name="tearDownSuite" is-config="true" duration-ms="0" started-at="2024-06-24T14:57:14Z" finished-at="2024-06-24T14:57:14Z">
          <reporter-output>
          </reporter-output>
        </test-method> <!-- tearDownSuite -->
      </class> <!-- com.maven.testNG.BaseTest -->
      <class name="com.maven.testNG.TestNgTest11">
        <test-method status="PASS" signature="testscript_1()[pri:0, instance:com.maven.testNG.TestNgTest11@42dafa95]" name="testscript_1" duration-ms="2" started-at="2024-06-24T14:57:14Z" finished-at="2024-06-24T14:57:14Z">
          <reporter-output>
          </reporter-output>
        </test-method> <!-- testscript_1 -->
        <test-method status="PASS" signature="testscript_2()[pri:0, instance:com.maven.testNG.TestNgTest11@42dafa95]" name="testscript_2" duration-ms="1" started-at="2024-06-24T14:57:14Z" finished-at="2024-06-24T14:57:14Z">
          <reporter-output>
          </reporter-output>
        </test-method> <!-- testscript_2 -->
        <test-method status="PASS" signature="testscript_3()[pri:0, instance:com.maven.testNG.TestNgTest11@42dafa95]" name="testscript_3" duration-ms="1" started-at="2024-06-24T14:57:14Z" finished-at="2024-06-24T14:57:14Z">
          <reporter-output>
          </reporter-output>
        </test-method> <!-- testscript_3 -->
      </class> <!-- com.maven.testNG.TestNgTest11 -->
    </test> <!-- Surefire test -->
  </suite> <!-- Surefire suite -->
</testng-results>
