<?xml version="1.0" encoding="UTF-8"?>
<!-- Generated by org.testng.reporters.JUnitXMLReporter -->
<testsuite hostname="srujanas-MBP.attlocal.net" ignored="0" name="Surefire test" tests="5" failures="0" timestamp="24 Jun 2024 14:57:14 GMT" time="0.048" errors="0">
  <testcase name="testscript_1" time="0.002" classname="com.maven.testNG.TestNgTest11"/>
  <testcase name="testscript_2" time="0.001" classname="com.maven.testNG.TestNgTest11"/>
  <testcase name="testscript_3" time="0.001" classname="com.maven.testNG.TestNgTest11"/>
  <testcase name="myTestMethod" time="0.001" classname="com.maven.testNG.TestDataProvider"/>
  <testcase name="myTestMethod" time="0.0" classname="com.maven.testNG.TestDataProvider"/>
</testsuite> <!-- Surefire test -->
