<?xml version="1.0" encoding="UTF-8"?>
<!-- Generated by org.testng.reporters.JUnitXMLReporter -->
<testsuite ignored="0" hostname="srujanas-MBP.attlocal.net" failures="0" tests="3" name="Test1" time="0.157" errors="0" timestamp="2024-06-18T11:04:23 CDT">
  <testcase classname="com.maven.testNG.TestNgTest11" name="testscript_1" time="0.025"/>
  <testcase classname="com.maven.testNG.TestNgTest11" name="testscript_2" time="0.003"/>
  <testcase classname="com.maven.testNG.TestNgTest11" name="testscript_3" time="0.011"/>
</testsuite> <!-- Test1 -->
