<?xml version="1.0" encoding="UTF-8"?>
<!-- Generated by org.testng.reporters.JUnitXMLReporter -->
<testsuite ignored="0" hostname="srujanas-MBP.attlocal.net" failures="0" tests="20" name="Default test" time="123.94" errors="0" timestamp="24 Jun 2024 23:55:01 GMT">
  <testcase classname="com.maven.testNG.DataProviderLoginTest" name="loginTest" time="7.459"/>
  <testcase classname="com.maven.testNG.DataProviderLoginTest" name="loginTest" time="7.634"/>
  <testcase classname="com.maven.testNG.DataProviderLoginTest" name="loginTest" time="6.201"/>
  <testcase classname="com.maven.testNG.DataProviderLoginTest" name="loginTest" time="6.088"/>
  <testcase classname="com.maven.testNG.DataProviderLoginTest" name="loginTest" time="5.766"/>
  <testcase classname="com.maven.testNG.DataProviderLoginTest" name="loginTest" time="8.371"/>
  <testcase classname="com.maven.testNG.DataProviderLoginTest" name="loginTest" time="6.288"/>
  <testcase classname="com.maven.testNG.DataProviderLoginTest" name="loginTest" time="6.452"/>
  <testcase classname="com.maven.testNG.DataProviderLoginTest" name="loginTest" time="5.712"/>
  <testcase classname="com.maven.testNG.DataProviderLoginTest" name="loginTest" time="5.317"/>
  <testcase classname="com.maven.testNG.DataProviderLoginTest" name="loginTest" time="5.091"/>
  <testcase classname="com.maven.testNG.DataProviderLoginTest" name="loginTest" time="6.066"/>
  <testcase classname="com.maven.testNG.DataProviderLoginTest" name="loginTest" time="5.648"/>
  <testcase classname="com.maven.testNG.DataProviderLoginTest" name="loginTest" time="5.13"/>
  <testcase classname="com.maven.testNG.DataProviderLoginTest" name="loginTest" time="5.65"/>
  <testcase classname="com.maven.testNG.DataProviderLoginTest" name="loginTest" time="6.269"/>
  <testcase classname="com.maven.testNG.DataProviderLoginTest" name="loginTest" time="5.247"/>
  <testcase classname="com.maven.testNG.DataProviderLoginTest" name="loginTest" time="5.823"/>
  <testcase classname="com.maven.testNG.DataProviderLoginTest" name="loginTest" time="5.447"/>
  <testcase classname="com.maven.testNG.DataProviderLoginTest" name="loginTest" time="5.938"/>
</testsuite> <!-- Default test -->
